<?xml version="1.0" encoding="UTF-8"?>
<testsuite name="PythonProjectDevelop.cafe.apps.menu.tests.TeaSearchFormTest-20230321131310" tests="4" file="PythonProjectDevelop/cafe/apps/menu/tests.py" time="0.009" timestamp="2023-03-21T13:13:10" failures="1" errors="0" skipped="0">
	<testcase classname="PythonProjectDevelop.cafe.apps.menu.tests.TeaSearchFormTest" name="test_either2" time="0.001" timestamp="2023-03-21T13:13:10" file="menu/tests.py" line="43">
		<!-- 检查输入名称后是否会报错 -->
	</testcase>
	<testcase classname="PythonProjectDevelop.cafe.apps.menu.tests.TeaSearchFormTest" name="test_either3" time="0.001" timestamp="2023-03-21T13:13:10" file="menu/tests.py" line="49">
		<!-- 检查输入种类后是否会报错 -->
	</testcase>
	<testcase classname="PythonProjectDevelop.cafe.apps.menu.tests.TeaSearchFormTest" name="test_valid" time="0.001" timestamp="2023-03-21T13:13:10" file="menu/tests.py" line="31">
		<!-- 检查输入正常时是否会报错 -->
	</testcase>
	<testcase classname="PythonProjectDevelop.cafe.apps.menu.tests.TeaSearchFormTest" name="test_either1" time="0.007" timestamp="2023-03-21T13:13:10" file="menu/tests.py" line="37">
		<!-- 检查名称和种类都无输入时是否会报错 -->
		<failure type="AssertionError" message="False != True : * __all__
  * 名称和种类请至少输入一项"><![CDATA[Traceback (most recent call last):
  File "/Users/iced_me/Developer/Python/PythonProjectDevelop/cafe/apps/menu/tests.py", line 41, in test_either1
    self.assertEqual(form.is_valid(), True, form.errors.as_text())
AssertionError: False != True : * __all__
  * 名称和种类请至少输入一项
]]></failure>
	</testcase>
</testsuite>
