<?xml version="1.0" encoding="utf-8"?><testsuites><testsuite name="pytest" errors="0" failures="0" skipped="0" tests="2" time="0.021" timestamp="2023-03-21T19:27:34.713088" hostname="icedme.local"><testcase classname="test_foo.SimpleTest" name="test1" time="0.001" /><testcase classname="test_foo.SimpleTest" name="test2" time="0.001" /></testsuite></testsuites>